#-----------------------------------------------------------
# Vivado v2018.3 (64-bit)
# SW Build 2405991 on Thu Dec  6 23:38:27 MST 2018
# IP Build 2404404 on Fri Dec  7 01:43:56 MST 2018
# Start of session at: Fri Dec  5 15:15:08 2025
# Process ID: 5176
# Current directory: D:/Workspace/SCMI/PCM/LDPC/Decoder/LDPC_Decoder
# Command line: vivado.exe -gui_launcher_event rodinguilauncherevent19044 D:\Workspace\SCMI\PCM\LDPC\Decoder\LDPC_Decoder\ldpc_decoder.xpr
# Log file: D:/Workspace/SCMI/PCM/LDPC/Decoder/LDPC_Decoder/vivado.log
# Journal file: D:/Workspace/SCMI/PCM/LDPC/Decoder/LDPC_Decoder\vivado.jou
#-----------------------------------------------------------
start_gui
open_project D:/Workspace/SCMI/PCM/LDPC/Decoder/LDPC_Decoder/ldpc_decoder.xpr
INFO: [Project 1-313] Project file moved from 'E:/FPGA_Source/XILINX/LDPC-F/Decoder_2' since last save.
Scanning sources...
Finished scanning sources
INFO: [IP_Flow 19-234] Refreshing IP repositories
INFO: [IP_Flow 19-1704] No user IP repositories specified
INFO: [IP_Flow 19-2313] Loaded Vivado IP repository 'D:/Software/VIVADO/Vivado/Vivado/2018.3/data/ip'.
open_project: Time (s): cpu = 00:00:11 ; elapsed = 00:00:08 . Memory (MB): peak = 830.824 ; gain = 209.059
update_compile_order -fileset sources_1
exit
INFO: [Common 17-206] Exiting Vivado at Fri Dec  5 15:17:13 2025...
