Vivado Simulator 2018.3
Copyright 1986-1999, 2001-2018 Xilinx, Inc. All Rights Reserved.
Running: E:/VIVADO/VIVADO2018.3/Vivado/2018.3/bin/unwrapped/win64.o/xelab.exe -wto a2f506187c3043a0b8006fd3aa666b9d --incr --debug typical --relax --mt 2 -L xbip_utils_v3_0_9 -L c_reg_fd_v12_0_5 -L xbip_dsp48_wrapper_v3_0_4 -L xbip_pipe_v3_0_5 -L xbip_dsp48_addsub_v3_0_5 -L xbip_addsub_v3_0_5 -L c_addsub_v12_0_12 -L xil_defaultlib -L blk_mem_gen_v8_4_2 -L unisims_ver -L unimacro_ver -L secureip -L xpm --snapshot nms_decode_tb_behav xil_defaultlib.nms_decode_tb xil_defaultlib.glbl -log elaborate.log 
Using 2 slave threads.
Starting static elaboration
Completed static elaboration
Starting simulation data flow analysis
Completed simulation data flow analysis
Time Resolution for simulation is 1ps
Compiling package std.standard
Compiling package std.textio
Compiling package ieee.std_logic_1164
Compiling package ieee.numeric_std
Compiling package c_addsub_v12_0_12.c_addsub_v12_0_12_viv_comp
Compiling package xbip_utils_v3_0_9.xbip_utils_v3_0_9_pkg
Compiling package xbip_pipe_v3_0_5.xbip_pipe_v3_0_5_viv_comp
Compiling package xbip_addsub_v3_0_5.xbip_addsub_v3_0_5_viv_comp
Compiling package c_addsub_v12_0_12.c_addsub_v12_0_12_pkg
Compiling package c_addsub_v12_0_12.c_addsub_v12_0_12_pkg_legacy
Compiling package c_reg_fd_v12_0_5.c_reg_fd_v12_0_5_viv_comp
Compiling package unisim.vcomponents
Compiling module xil_defaultlib.nms_control
Compiling module blk_mem_gen_v8_4_2.blk_mem_gen_v8_4_2_output_stage(...
Compiling module blk_mem_gen_v8_4_2.blk_mem_gen_v8_4_2_output_stage(...
Compiling module blk_mem_gen_v8_4_2.blk_mem_gen_v8_4_2_softecc_outpu...
Compiling module blk_mem_gen_v8_4_2.blk_mem_gen_v8_4_2_mem_module(C_...
Compiling module blk_mem_gen_v8_4_2.blk_mem_gen_v8_4_2(C_FAMILY="zyn...
Compiling module xil_defaultlib.RAM_288_1
Compiling module xil_defaultlib.startup
Compiling module xil_defaultlib.load_app
Compiling module xil_defaultlib.update_unit
Compiling module xil_defaultlib.update_app
Compiling module blk_mem_gen_v8_4_2.blk_mem_gen_v8_4_2_output_stage(...
Compiling module blk_mem_gen_v8_4_2.blk_mem_gen_v8_4_2_output_stage(...
Compiling module blk_mem_gen_v8_4_2.blk_mem_gen_v8_4_2_softecc_outpu...
Compiling module blk_mem_gen_v8_4_2.blk_mem_gen_v8_4_2_mem_module(C_...
Compiling module blk_mem_gen_v8_4_2.blk_mem_axi_regs_fwd_v8_4(C_DATA...
Compiling module blk_mem_gen_v8_4_2.blk_mem_gen_v8_4_2(C_FAMILY="zyn...
Compiling module xil_defaultlib.ram_app_16
Compiling module xil_defaultlib.ram_app
Compiling module blk_mem_gen_v8_4_2.blk_mem_gen_v8_4_2_output_stage(...
Compiling module blk_mem_gen_v8_4_2.blk_mem_gen_v8_4_2_output_stage(...
Compiling module blk_mem_gen_v8_4_2.blk_mem_gen_v8_4_2_softecc_outpu...
Compiling module blk_mem_gen_v8_4_2.blk_mem_gen_v8_4_2_mem_module(C_...
Compiling module blk_mem_gen_v8_4_2.blk_mem_gen_v8_4_2(C_FAMILY="zyn...
Compiling module xil_defaultlib.ram_r_50
Compiling architecture structural of entity c_reg_fd_v12_0_5.c_reg_fd_v12_0_5_viv [\c_reg_fd_v12_0_5_viv(c_width=8,...]
Compiling architecture muxcy_v of entity unisim.MUXCY [muxcy_default]
Compiling architecture xorcy_v of entity unisim.XORCY [xorcy_default]
Compiling architecture rtl of entity c_addsub_v12_0_12.c_addsub_v12_0_12_lut6_legacy [\c_addsub_v12_0_12_lut6_legacy(c...]
Compiling architecture synth of entity c_addsub_v12_0_12.c_addsub_v12_0_12_fabric_legacy [\c_addsub_v12_0_12_fabric_legacy...]
Compiling architecture synth of entity c_addsub_v12_0_12.c_addsub_v12_0_12_legacy [\c_addsub_v12_0_12_legacy(c_fami...]
Compiling architecture synth of entity c_addsub_v12_0_12.c_addsub_v12_0_12_viv [\c_addsub_v12_0_12_viv(c_xdevice...]
Compiling architecture xilinx of entity c_addsub_v12_0_12.c_addsub_v12_0_12 [\c_addsub_v12_0_12(c_xdevicefami...]
Compiling architecture c_addsub_0_arch of entity xil_defaultlib.c_addsub_0 [c_addsub_0_default]
Compiling module xil_defaultlib.abs
Compiling module xil_defaultlib.prod
Compiling module xil_defaultlib.find_min
Compiling module xil_defaultlib.multiplier
Compiling module xil_defaultlib.compute
Compiling module xil_defaultlib.pu
Compiling module xil_defaultlib.CNU_unit_default
Compiling module xil_defaultlib.judge_unit1
Compiling module xil_defaultlib.judge_unit2
Compiling module xil_defaultlib.judge
Compiling module xil_defaultlib.nms_decode
Compiling module xil_defaultlib.nms_decode_tb
Compiling module xil_defaultlib.glbl
Built simulation snapshot nms_decode_tb_behav
