Vivado Simulator 2018.3
Time resolution is 1 ps
 Block Memory Generator module loading initial data...
 Block Memory Generator data initialization complete.
Block Memory Generator module nms_decode_tb.i1.z1.inst.native_mem_module.blk_mem_gen_v8_4_2_inst is using a behavioral model for simulation which will not precisely model memory collision behavior.
Block Memory Generator module nms_decode_tb.i1.z2.ram_u4.inst.native_mem_module.blk_mem_gen_v8_4_2_inst is using a behavioral model for simulation which will not precisely model memory collision behavior.
Block Memory Generator module nms_decode_tb.i1.z3.nms_for1[0].z4.pu_u0.inst.native_mem_module.blk_mem_gen_v8_4_2_inst is using a behavioral model for simulation which will not precisely model memory collision behavior.
Block Memory Generator module nms_decode_tb.i1.z3.nms_for1[1].z4.pu_u0.inst.native_mem_module.blk_mem_gen_v8_4_2_inst is using a behavioral model for simulation which will not precisely model memory collision behavior.
Block Memory Generator module nms_decode_tb.i1.z3.nms_for1[2].z4.pu_u0.inst.native_mem_module.blk_mem_gen_v8_4_2_inst is using a behavioral model for simulation which will not precisely model memory collision behavior.
Block Memory Generator module nms_decode_tb.i1.z3.nms_for1[3].z4.pu_u0.inst.native_mem_module.blk_mem_gen_v8_4_2_inst is using a behavioral model for simulation which will not precisely model memory collision behavior.
Block Memory Generator module nms_decode_tb.i1.z3.nms_for1[4].z4.pu_u0.inst.native_mem_module.blk_mem_gen_v8_4_2_inst is using a behavioral model for simulation which will not precisely model memory collision behavior.
Block Memory Generator module nms_decode_tb.i1.z3.nms_for1[5].z4.pu_u0.inst.native_mem_module.blk_mem_gen_v8_4_2_inst is using a behavioral model for simulation which will not precisely model memory collision behavior.
Block Memory Generator module nms_decode_tb.i1.z3.nms_for1[6].z4.pu_u0.inst.native_mem_module.blk_mem_gen_v8_4_2_inst is using a behavioral model for simulation which will not precisely model memory collision behavior.
Block Memory Generator module nms_decode_tb.i1.z3.nms_for1[7].z4.pu_u0.inst.native_mem_module.blk_mem_gen_v8_4_2_inst is using a behavioral model for simulation which will not precisely model memory collision behavior.
Block Memory Generator module nms_decode_tb.i1.z3.nms_for1[8].z4.pu_u0.inst.native_mem_module.blk_mem_gen_v8_4_2_inst is using a behavioral model for simulation which will not precisely model memory collision behavior.
Block Memory Generator module nms_decode_tb.i1.z3.nms_for1[9].z4.pu_u0.inst.native_mem_module.blk_mem_gen_v8_4_2_inst is using a behavioral model for simulation which will not precisely model memory collision behavior.
Block Memory Generator module nms_decode_tb.i1.z3.nms_for1[10].z4.pu_u0.inst.native_mem_module.blk_mem_gen_v8_4_2_inst is using a behavioral model for simulation which will not precisely model memory collision behavior.
Block Memory Generator module nms_decode_tb.i1.z3.nms_for1[11].z4.pu_u0.inst.native_mem_module.blk_mem_gen_v8_4_2_inst is using a behavioral model for simulation which will not precisely model memory collision behavior.
Block Memory Generator module nms_decode_tb.i1.z3.nms_for1[12].z4.pu_u0.inst.native_mem_module.blk_mem_gen_v8_4_2_inst is using a behavioral model for simulation which will not precisely model memory collision behavior.
Block Memory Generator module nms_decode_tb.i1.z3.nms_for1[13].z4.pu_u0.inst.native_mem_module.blk_mem_gen_v8_4_2_inst is using a behavioral model for simulation which will not precisely model memory collision behavior.
Block Memory Generator module nms_decode_tb.i1.z3.nms_for1[14].z4.pu_u0.inst.native_mem_module.blk_mem_gen_v8_4_2_inst is using a behavioral model for simulation which will not precisely model memory collision behavior.
Block Memory Generator module nms_decode_tb.i1.z3.nms_for1[15].z4.pu_u0.inst.native_mem_module.blk_mem_gen_v8_4_2_inst is using a behavioral model for simulation which will not precisely model memory collision behavior.
Block Memory Generator module nms_decode_tb.i1.z3.nms_for1[16].z4.pu_u0.inst.native_mem_module.blk_mem_gen_v8_4_2_inst is using a behavioral model for simulation which will not precisely model memory collision behavior.
Block Memory Generator module nms_decode_tb.i1.z3.nms_for1[17].z4.pu_u0.inst.native_mem_module.blk_mem_gen_v8_4_2_inst is using a behavioral model for simulation which will not precisely model memory collision behavior.
Block Memory Generator module nms_decode_tb.i1.z3.nms_for1[18].z4.pu_u0.inst.native_mem_module.blk_mem_gen_v8_4_2_inst is using a behavioral model for simulation which will not precisely model memory collision behavior.
Block Memory Generator module nms_decode_tb.i1.z3.nms_for1[19].z4.pu_u0.inst.native_mem_module.blk_mem_gen_v8_4_2_inst is using a behavioral model for simulation which will not precisely model memory collision behavior.
Block Memory Generator module nms_decode_tb.i1.z3.nms_for1[20].z4.pu_u0.inst.native_mem_module.blk_mem_gen_v8_4_2_inst is using a behavioral model for simulation which will not precisely model memory collision behavior.
Block Memory Generator module nms_decode_tb.i1.z3.nms_for1[21].z4.pu_u0.inst.native_mem_module.blk_mem_gen_v8_4_2_inst is using a behavioral model for simulation which will not precisely model memory collision behavior.
Block Memory Generator module nms_decode_tb.i1.z3.nms_for1[22].z4.pu_u0.inst.native_mem_module.blk_mem_gen_v8_4_2_inst is using a behavioral model for simulation which will not precisely model memory collision behavior.
Block Memory Generator module nms_decode_tb.i1.z3.nms_for1[23].z4.pu_u0.inst.native_mem_module.blk_mem_gen_v8_4_2_inst is using a behavioral model for simulation which will not precisely model memory collision behavior.
Block Memory Generator module nms_decode_tb.i1.z3.nms_for1[24].z4.pu_u0.inst.native_mem_module.blk_mem_gen_v8_4_2_inst is using a behavioral model for simulation which will not precisely model memory collision behavior.
Block Memory Generator module nms_decode_tb.i1.z3.nms_for1[25].z4.pu_u0.inst.native_mem_module.blk_mem_gen_v8_4_2_inst is using a behavioral model for simulation which will not precisely model memory collision behavior.
Block Memory Generator module nms_decode_tb.i1.z3.nms_for1[26].z4.pu_u0.inst.native_mem_module.blk_mem_gen_v8_4_2_inst is using a behavioral model for simulation which will not precisely model memory collision behavior.
Block Memory Generator module nms_decode_tb.i1.z3.nms_for1[27].z4.pu_u0.inst.native_mem_module.blk_mem_gen_v8_4_2_inst is using a behavioral model for simulation which will not precisely model memory collision behavior.
Block Memory Generator module nms_decode_tb.i1.z3.nms_for1[28].z4.pu_u0.inst.native_mem_module.blk_mem_gen_v8_4_2_inst is using a behavioral model for simulation which will not precisely model memory collision behavior.
Block Memory Generator module nms_decode_tb.i1.z3.nms_for1[29].z4.pu_u0.inst.native_mem_module.blk_mem_gen_v8_4_2_inst is using a behavioral model for simulation which will not precisely model memory collision behavior.
Block Memory Generator module nms_decode_tb.i1.z3.nms_for1[30].z4.pu_u0.inst.native_mem_module.blk_mem_gen_v8_4_2_inst is using a behavioral model for simulation which will not precisely model memory collision behavior.
Block Memory Generator module nms_decode_tb.i1.z3.nms_for1[31].z4.pu_u0.inst.native_mem_module.blk_mem_gen_v8_4_2_inst is using a behavioral model for simulation which will not precisely model memory collision behavior.
Block Memory Generator module nms_decode_tb.i1.z3.nms_for1[32].z4.pu_u0.inst.native_mem_module.blk_mem_gen_v8_4_2_inst is using a behavioral model for simulation which will not precisely model memory collision behavior.
Block Memory Generator module nms_decode_tb.i1.z3.nms_for1[33].z4.pu_u0.inst.native_mem_module.blk_mem_gen_v8_4_2_inst is using a behavioral model for simulation which will not precisely model memory collision behavior.
Block Memory Generator module nms_decode_tb.i1.z3.nms_for1[34].z4.pu_u0.inst.native_mem_module.blk_mem_gen_v8_4_2_inst is using a behavioral model for simulation which will not precisely model memory collision behavior.
Block Memory Generator module nms_decode_tb.i1.z3.nms_for1[35].z4.pu_u0.inst.native_mem_module.blk_mem_gen_v8_4_2_inst is using a behavioral model for simulation which will not precisely model memory collision behavior.
Block Memory Generator module nms_decode_tb.i1.z3.nms_for1[36].z4.pu_u0.inst.native_mem_module.blk_mem_gen_v8_4_2_inst is using a behavioral model for simulation which will not precisely model memory collision behavior.
Block Memory Generator module nms_decode_tb.i1.z3.nms_for1[37].z4.pu_u0.inst.native_mem_module.blk_mem_gen_v8_4_2_inst is using a behavioral model for simulation which will not precisely model memory collision behavior.
Block Memory Generator module nms_decode_tb.i1.z3.nms_for1[38].z4.pu_u0.inst.native_mem_module.blk_mem_gen_v8_4_2_inst is using a behavioral model for simulation which will not precisely model memory collision behavior.
Block Memory Generator module nms_decode_tb.i1.z3.nms_for1[39].z4.pu_u0.inst.native_mem_module.blk_mem_gen_v8_4_2_inst is using a behavioral model for simulation which will not precisely model memory collision behavior.
Block Memory Generator module nms_decode_tb.i1.z3.nms_for1[40].z4.pu_u0.inst.native_mem_module.blk_mem_gen_v8_4_2_inst is using a behavioral model for simulation which will not precisely model memory collision behavior.
Block Memory Generator module nms_decode_tb.i1.z3.nms_for1[41].z4.pu_u0.inst.native_mem_module.blk_mem_gen_v8_4_2_inst is using a behavioral model for simulation which will not precisely model memory collision behavior.
Block Memory Generator module nms_decode_tb.i1.z3.nms_for1[42].z4.pu_u0.inst.native_mem_module.blk_mem_gen_v8_4_2_inst is using a behavioral model for simulation which will not precisely model memory collision behavior.
Block Memory Generator module nms_decode_tb.i1.z3.nms_for1[43].z4.pu_u0.inst.native_mem_module.blk_mem_gen_v8_4_2_inst is using a behavioral model for simulation which will not precisely model memory collision behavior.
Block Memory Generator module nms_decode_tb.i1.z3.nms_for1[44].z4.pu_u0.inst.native_mem_module.blk_mem_gen_v8_4_2_inst is using a behavioral model for simulation which will not precisely model memory collision behavior.
Block Memory Generator module nms_decode_tb.i1.z3.nms_for1[45].z4.pu_u0.inst.native_mem_module.blk_mem_gen_v8_4_2_inst is using a behavioral model for simulation which will not precisely model memory collision behavior.
Block Memory Generator module nms_decode_tb.i1.z3.nms_for1[46].z4.pu_u0.inst.native_mem_module.blk_mem_gen_v8_4_2_inst is using a behavioral model for simulation which will not precisely model memory collision behavior.
Block Memory Generator module nms_decode_tb.i1.z3.nms_for1[47].z4.pu_u0.inst.native_mem_module.blk_mem_gen_v8_4_2_inst is using a behavioral model for simulation which will not precisely model memory collision behavior.
Block Memory Generator module nms_decode_tb.i1.z3.nms_for1[48].z4.pu_u0.inst.native_mem_module.blk_mem_gen_v8_4_2_inst is using a behavioral model for simulation which will not precisely model memory collision behavior.
Block Memory Generator module nms_decode_tb.i1.z3.nms_for1[49].z4.pu_u0.inst.native_mem_module.blk_mem_gen_v8_4_2_inst is using a behavioral model for simulation which will not precisely model memory collision behavior.
Block Memory Generator module nms_decode_tb.i1.z3.nms_for1[50].z4.pu_u0.inst.native_mem_module.blk_mem_gen_v8_4_2_inst is using a behavioral model for simulation which will not precisely model memory collision behavior.
Block Memory Generator module nms_decode_tb.i1.z3.nms_for1[51].z4.pu_u0.inst.native_mem_module.blk_mem_gen_v8_4_2_inst is using a behavioral model for simulation which will not precisely model memory collision behavior.
Block Memory Generator module nms_decode_tb.i1.z3.nms_for1[52].z4.pu_u0.inst.native_mem_module.blk_mem_gen_v8_4_2_inst is using a behavioral model for simulation which will not precisely model memory collision behavior.
Block Memory Generator module nms_decode_tb.i1.z3.nms_for1[53].z4.pu_u0.inst.native_mem_module.blk_mem_gen_v8_4_2_inst is using a behavioral model for simulation which will not precisely model memory collision behavior.
Block Memory Generator module nms_decode_tb.i1.z3.nms_for1[54].z4.pu_u0.inst.native_mem_module.blk_mem_gen_v8_4_2_inst is using a behavioral model for simulation which will not precisely model memory collision behavior.
Block Memory Generator module nms_decode_tb.i1.z3.nms_for1[55].z4.pu_u0.inst.native_mem_module.blk_mem_gen_v8_4_2_inst is using a behavioral model for simulation which will not precisely model memory collision behavior.
Block Memory Generator module nms_decode_tb.i1.z3.nms_for1[56].z4.pu_u0.inst.native_mem_module.blk_mem_gen_v8_4_2_inst is using a behavioral model for simulation which will not precisely model memory collision behavior.
Block Memory Generator module nms_decode_tb.i1.z3.nms_for1[57].z4.pu_u0.inst.native_mem_module.blk_mem_gen_v8_4_2_inst is using a behavioral model for simulation which will not precisely model memory collision behavior.
Block Memory Generator module nms_decode_tb.i1.z3.nms_for1[58].z4.pu_u0.inst.native_mem_module.blk_mem_gen_v8_4_2_inst is using a behavioral model for simulation which will not precisely model memory collision behavior.
Block Memory Generator module nms_decode_tb.i1.z3.nms_for1[59].z4.pu_u0.inst.native_mem_module.blk_mem_gen_v8_4_2_inst is using a behavioral model for simulation which will not precisely model memory collision behavior.
Block Memory Generator module nms_decode_tb.i1.z3.nms_for1[60].z4.pu_u0.inst.native_mem_module.blk_mem_gen_v8_4_2_inst is using a behavioral model for simulation which will not precisely model memory collision behavior.
Block Memory Generator module nms_decode_tb.i1.z3.nms_for1[61].z4.pu_u0.inst.native_mem_module.blk_mem_gen_v8_4_2_inst is using a behavioral model for simulation which will not precisely model memory collision behavior.
Block Memory Generator module nms_decode_tb.i1.z3.nms_for1[62].z4.pu_u0.inst.native_mem_module.blk_mem_gen_v8_4_2_inst is using a behavioral model for simulation which will not precisely model memory collision behavior.
Block Memory Generator module nms_decode_tb.i1.z3.nms_for1[63].z4.pu_u0.inst.native_mem_module.blk_mem_gen_v8_4_2_inst is using a behavioral model for simulation which will not precisely model memory collision behavior.
Block Memory Generator module nms_decode_tb.i1.z3.nms_for1[64].z4.pu_u0.inst.native_mem_module.blk_mem_gen_v8_4_2_inst is using a behavioral model for simulation which will not precisely model memory collision behavior.
Block Memory Generator module nms_decode_tb.i1.z3.nms_for1[65].z4.pu_u0.inst.native_mem_module.blk_mem_gen_v8_4_2_inst is using a behavioral model for simulation which will not precisely model memory collision behavior.
Block Memory Generator module nms_decode_tb.i1.z3.nms_for1[66].z4.pu_u0.inst.native_mem_module.blk_mem_gen_v8_4_2_inst is using a behavioral model for simulation which will not precisely model memory collision behavior.
Block Memory Generator module nms_decode_tb.i1.z3.nms_for1[67].z4.pu_u0.inst.native_mem_module.blk_mem_gen_v8_4_2_inst is using a behavioral model for simulation which will not precisely model memory collision behavior.
Block Memory Generator module nms_decode_tb.i1.z3.nms_for1[68].z4.pu_u0.inst.native_mem_module.blk_mem_gen_v8_4_2_inst is using a behavioral model for simulation which will not precisely model memory collision behavior.
Block Memory Generator module nms_decode_tb.i1.z3.nms_for1[69].z4.pu_u0.inst.native_mem_module.blk_mem_gen_v8_4_2_inst is using a behavioral model for simulation which will not precisely model memory collision behavior.
Block Memory Generator module nms_decode_tb.i1.z3.nms_for1[70].z4.pu_u0.inst.native_mem_module.blk_mem_gen_v8_4_2_inst is using a behavioral model for simulation which will not precisely model memory collision behavior.
Block Memory Generator module nms_decode_tb.i1.z3.nms_for1[71].z4.pu_u0.inst.native_mem_module.blk_mem_gen_v8_4_2_inst is using a behavioral model for simulation which will not precisely model memory collision behavior.
Block Memory Generator module nms_decode_tb.i1.z3.nms_for1[72].z4.pu_u0.inst.native_mem_module.blk_mem_gen_v8_4_2_inst is using a behavioral model for simulation which will not precisely model memory collision behavior.
Running testbench
blk_mem_gen_v8_4_2 collision detected at time: 160000, Instance: nms_decode_tb.i1.z2.ram_u4.inst.native_mem_module.blk_mem_gen_v8_4_2_inst, A write address: 0, B  read address: 0
